z:\desktop\local\school\opengl\littlemontoyadavidson\littlemontoyadavidson\littlemontoyadavidson\debug\vc140.pdb
z:\desktop\local\school\opengl\littlemontoyadavidson\littlemontoyadavidson\littlemontoyadavidson\debug\vc140.idb
z:\desktop\local\school\opengl\littlemontoyadavidson\littlemontoyadavidson\littlemontoyadavidson\debug\plane.obj
z:\desktop\local\school\opengl\littlemontoyadavidson\littlemontoyadavidson\littlemontoyadavidson\debug\camera.obj
z:\desktop\local\school\opengl\littlemontoyadavidson\littlemontoyadavidson\littlemontoyadavidson\debug\display.obj
z:\desktop\local\school\opengl\littlemontoyadavidson\littlemontoyadavidson\littlemontoyadavidson\debug\functions.obj
z:\desktop\local\school\opengl\littlemontoyadavidson\littlemontoyadavidson\littlemontoyadavidson\debug\main.obj
z:\desktop\local\school\opengl\littlemontoyadavidson\littlemontoyadavidson\littlemontoyadavidson\debug\mathfuncs.obj
z:\desktop\local\school\opengl\littlemontoyadavidson\littlemontoyadavidson\littlemontoyadavidson\debug\objmodel.obj
z:\desktop\local\school\opengl\littlemontoyadavidson\littlemontoyadavidson\littlemontoyadavidson\debug\obj_parser.obj
z:\desktop\local\school\opengl\littlemontoyadavidson\littlemontoyadavidson\littlemontoyadavidson\debug\shader.obj
z:\desktop\local\school\opengl\littlemontoyadavidson\littlemontoyadavidson\littlemontoyadavidson\debug\shapegenerator.obj
z:\desktop\local\school\opengl\littlemontoyadavidson\littlemontoyadavidson\littlemontoyadavidson\debug\texture.obj
z:\desktop\local\school\opengl\littlemontoyadavidson\littlemontoyadavidson\littlemontoyadavidson\debug\stb_image.obj
z:\desktop\local\school\opengl\littlemontoyadavidson\littlemontoyadavidson\debug\littlemontoyadavidson.ilk
z:\desktop\local\school\opengl\littlemontoyadavidson\littlemontoyadavidson\debug\littlemontoyadavidson.exe
z:\desktop\local\school\opengl\littlemontoyadavidson\littlemontoyadavidson\debug\littlemontoyadavidson.pdb
z:\desktop\local\school\opengl\littlemontoyadavidson\littlemontoyadavidson\littlemontoyadavidson\debug\axis.obj
z:\desktop\local\school\opengl\littlemontoyadavidson\littlemontoyadavidson\littlemontoyadavidson\debug\littlemo.24bc7c1d.tlog\cl.command.1.tlog
z:\desktop\local\school\opengl\littlemontoyadavidson\littlemontoyadavidson\littlemontoyadavidson\debug\littlemo.24bc7c1d.tlog\cl.read.1.tlog
z:\desktop\local\school\opengl\littlemontoyadavidson\littlemontoyadavidson\littlemontoyadavidson\debug\littlemo.24bc7c1d.tlog\cl.write.1.tlog
z:\desktop\local\school\opengl\littlemontoyadavidson\littlemontoyadavidson\littlemontoyadavidson\debug\littlemo.24bc7c1d.tlog\link.command.1.tlog
z:\desktop\local\school\opengl\littlemontoyadavidson\littlemontoyadavidson\littlemontoyadavidson\debug\littlemo.24bc7c1d.tlog\link.read.1.tlog
z:\desktop\local\school\opengl\littlemontoyadavidson\littlemontoyadavidson\littlemontoyadavidson\debug\littlemo.24bc7c1d.tlog\link.write.1.tlog
